  Arrays, time, search.cpp
C:\Users\huuma\Documents\DSA\DSA-1\Arrays, time, search\arrays.h(15,49): warning C4244: аргумент: преобразование "T" в "_Ty", возможна потеря данных
C:\Users\huuma\Documents\DSA\DSA-1\Arrays, time, search\arrays.h(15,49): warning C4244:         with
C:\Users\huuma\Documents\DSA\DSA-1\Arrays, time, search\arrays.h(15,49): warning C4244:         [
C:\Users\huuma\Documents\DSA\DSA-1\Arrays, time, search\arrays.h(15,49): warning C4244:             T=unsigned __int64
C:\Users\huuma\Documents\DSA\DSA-1\Arrays, time, search\arrays.h(15,49): warning C4244:         ]
C:\Users\huuma\Documents\DSA\DSA-1\Arrays, time, search\arrays.h(15,49): warning C4244:         and
C:\Users\huuma\Documents\DSA\DSA-1\Arrays, time, search\arrays.h(15,49): warning C4244:         [
C:\Users\huuma\Documents\DSA\DSA-1\Arrays, time, search\arrays.h(15,49): warning C4244:             _Ty=int
C:\Users\huuma\Documents\DSA\DSA-1\Arrays, time, search\arrays.h(15,49): warning C4244:         ]
  (компиляция исходного файла "Arrays,%20time,%20search.cpp")
      C:\Users\huuma\Documents\DSA\DSA-1\Arrays, time, search\arrays.h(15,49):
      контекст создания экземпляра шаблона (сначала самый старый)
          C:\Users\huuma\Documents\DSA\DSA-1\Arrays, time, search\Arrays, time, search.cpp(38,30):
          выполняется компиляция ссылки на экземпляр шаблон функции "T *createAndFillArray<unsigned __int64>(size_t,T,T)"
          with
          [
              T=unsigned __int64
          ]
  
C:\Users\huuma\Documents\DSA\DSA-1\Arrays, time, search\arrays.h(15,38): warning C4244: аргумент: преобразование "T" в "_Ty", возможна потеря данных
C:\Users\huuma\Documents\DSA\DSA-1\Arrays, time, search\arrays.h(15,38): warning C4244:         with
C:\Users\huuma\Documents\DSA\DSA-1\Arrays, time, search\arrays.h(15,38): warning C4244:         [
C:\Users\huuma\Documents\DSA\DSA-1\Arrays, time, search\arrays.h(15,38): warning C4244:             T=unsigned __int64
C:\Users\huuma\Documents\DSA\DSA-1\Arrays, time, search\arrays.h(15,38): warning C4244:         ]
C:\Users\huuma\Documents\DSA\DSA-1\Arrays, time, search\arrays.h(15,38): warning C4244:         and
C:\Users\huuma\Documents\DSA\DSA-1\Arrays, time, search\arrays.h(15,38): warning C4244:         [
C:\Users\huuma\Documents\DSA\DSA-1\Arrays, time, search\arrays.h(15,38): warning C4244:             _Ty=int
C:\Users\huuma\Documents\DSA\DSA-1\Arrays, time, search\arrays.h(15,38): warning C4244:         ]
  (компиляция исходного файла "Arrays,%20time,%20search.cpp")
  
C:\Users\huuma\Documents\DSA\DSA-1\Arrays, time, search\Arrays, time, search.cpp(20,20): warning C4244: return: преобразование "_Rep" в "int", возможна потеря данных
C:\Users\huuma\Documents\DSA\DSA-1\Arrays, time, search\Arrays, time, search.cpp(20,20): warning C4244:         with
C:\Users\huuma\Documents\DSA\DSA-1\Arrays, time, search\Arrays, time, search.cpp(20,20): warning C4244:         [
C:\Users\huuma\Documents\DSA\DSA-1\Arrays, time, search\Arrays, time, search.cpp(20,20): warning C4244:             _Rep=__int64
C:\Users\huuma\Documents\DSA\DSA-1\Arrays, time, search\Arrays, time, search.cpp(20,20): warning C4244:         ]
      C:\Users\huuma\Documents\DSA\DSA-1\Arrays, time, search\Arrays, time, search.cpp(20,20):
      контекст создания экземпляра шаблона (сначала самый старый)
          C:\Users\huuma\Documents\DSA\DSA-1\Arrays, time, search\Arrays, time, search.cpp(44,21):
          выполняется компиляция ссылки на экземпляр шаблон функции "int measure_time<main::<lambda_1>>(Func)"
          with
          [
              Func=main::<lambda_1>
          ]
  
  arrays.cpp
C:\Users\huuma\Documents\DSA\DSA-1\Arrays, time, search\arrays.cpp(147,32): warning C4267: аргумент: преобразование из "size_t" в "int"; возможна потеря данных
C:\Users\huuma\Documents\DSA\DSA-1\Arrays, time, search\arrays.cpp(154,32): warning C4267: аргумент: преобразование из "size_t" в "int"; возможна потеря данных
C:\Users\huuma\Documents\DSA\DSA-1\Arrays, time, search\arrays.cpp(160,32): warning C4267: аргумент: преобразование из "size_t" в "int"; возможна потеря данных
C:\Users\huuma\Documents\DSA\DSA-1\Arrays, time, search\arrays.cpp(166,32): warning C4267: аргумент: преобразование из "size_t" в "int"; возможна потеря данных
C:\Users\huuma\Documents\DSA\DSA-1\Arrays, time, search\arrays.cpp(173,33): warning C4267: аргумент: преобразование из "size_t" в "int"; возможна потеря данных
C:\Users\huuma\Documents\DSA\DSA-1\Arrays, time, search\arrays.h(88,19): warning C4244: инициализация: преобразование "double" в "__int64", возможна потеря данных
  (компиляция исходного файла "arrays.cpp")
      C:\Users\huuma\Documents\DSA\DSA-1\Arrays, time, search\arrays.h(88,19):
      контекст создания экземпляра шаблона (сначала самый старый)
          C:\Users\huuma\Documents\DSA\DSA-1\Arrays, time, search\arrays.cpp(86,5):
          выполняется компиляция ссылки на экземпляр шаблон функции "__int64 binary_search_recursive<int>(T *,__int64,__int64,T)"
          with
          [
              T=int
          ]
  
C:\Users\huuma\Documents\DSA\DSA-1\Arrays, time, search\arrays.h(131,25): warning C4267: инициализация: преобразование из "size_t" в "int"; возможна потеря данных
  (компиляция исходного файла "arrays.cpp")
      C:\Users\huuma\Documents\DSA\DSA-1\Arrays, time, search\arrays.h(131,25):
      контекст создания экземпляра шаблона (сначала самый старый)
          C:\Users\huuma\Documents\DSA\DSA-1\Arrays, time, search\arrays.cpp(147,9):
          выполняется компиляция ссылки на экземпляр шаблон функции "void mergeSort<int>(T *,int,int)"
          with
          [
              T=int
          ]
          C:\Users\huuma\Documents\DSA\DSA-1\Arrays, time, search\arrays.h(171,9):
          выполняется компиляция ссылки на экземпляр шаблон функции "void merge<T>(T *,size_t,size_t,size_t)"
          with
          [
              T=int
          ]
  
  Создание кода...
  Arrays, time, search.vcxproj -> C:\Users\huuma\Documents\DSA\DSA-1\Arrays, time, search\x64\Debug\Arrays, time, search.exe
