  BinarySearchTree.cpp
  ClassTreeNode.cpp
  TreeNodeFunctions.cpp
  Создание кода...
C:\Users\huuma\Documents\DSA\DSA-2\ClassTreeNode\TreeNodeFunctions.cpp(348,5): error C2672: "preorder_apply": не найдена соответствующая перегруженная функция
      C:\Users\huuma\Documents\DSA\DSA-2\ClassTreeNode\TreeNodeFunctions.h(45,6):
      может быть "void preorder_apply(TreeNode<T> *,std::function<void(T &)>)"
          C:\Users\huuma\Documents\DSA\DSA-2\ClassTreeNode\TreeNodeFunctions.cpp(348,5):
          'void preorder_apply(TreeNode<T> *,std::function<void(T &)>)': не удалось вывести аргумент шаблон для 'std::function<void(T &)>' из 'test_preorder_apply::<lambda_2>'
  
C:\Users\huuma\Documents\DSA\DSA-2\ClassTreeNode\TreeNodeFunctions.cpp(357,5): error C2672: "preorder_apply": не найдена соответствующая перегруженная функция
      C:\Users\huuma\Documents\DSA\DSA-2\ClassTreeNode\TreeNodeFunctions.h(45,6):
      может быть "void preorder_apply(TreeNode<T> *,std::function<void(T &)>)"
          C:\Users\huuma\Documents\DSA\DSA-2\ClassTreeNode\TreeNodeFunctions.cpp(357,5):
          'void preorder_apply(TreeNode<T> *,std::function<void(T &)>)': не удалось вывести аргумент шаблон для 'std::function<void(T &)>' из 'test_preorder_apply::<lambda_3>'
  
C:\Users\huuma\Documents\DSA\DSA-2\ClassTreeNode\TreeNodeFunctions.cpp(366,5): error C2672: "preorder_apply": не найдена соответствующая перегруженная функция
      C:\Users\huuma\Documents\DSA\DSA-2\ClassTreeNode\TreeNodeFunctions.h(45,6):
      может быть "void preorder_apply(TreeNode<T> *,std::function<void(T &)>)"
          C:\Users\huuma\Documents\DSA\DSA-2\ClassTreeNode\TreeNodeFunctions.cpp(366,5):
          'void preorder_apply(TreeNode<T> *,std::function<void(T &)>)': не удалось вывести аргумент шаблон для 'std::function<void(T &)>' из 'test_preorder_apply::<lambda_4>'
  
C:\Users\huuma\Documents\DSA\DSA-2\ClassTreeNode\TreeNodeFunctions.cpp(384,5): error C2672: "preorder_apply": не найдена соответствующая перегруженная функция
      C:\Users\huuma\Documents\DSA\DSA-2\ClassTreeNode\TreeNodeFunctions.h(45,6):
      может быть "void preorder_apply(TreeNode<T> *,std::function<void(T &)>)"
          C:\Users\huuma\Documents\DSA\DSA-2\ClassTreeNode\TreeNodeFunctions.cpp(384,5):
          'void preorder_apply(TreeNode<T> *,std::function<void(T &)>)': не удалось вывести аргумент шаблон для 'std::function<void(T &)>' из 'test_preorder_apply::<lambda_5>'
  
C:\Users\huuma\Documents\DSA\DSA-2\ClassTreeNode\TreeNodeFunctions.cpp(388,13): warning C4566: символ, представленный универсальным именем символа "\u2705", невозможно представить в текущей кодовой странице (1251)
C:\Users\huuma\Documents\DSA\DSA-2\ClassTreeNode\TreeNodeFunctions.cpp(401,5): error C2672: "inorder_apply": не найдена соответствующая перегруженная функция
      C:\Users\huuma\Documents\DSA\DSA-2\ClassTreeNode\TreeNodeFunctions.h(81,6):
      может быть "void inorder_apply(TreeNode<T> *,std::function<void(T &)>)"
          C:\Users\huuma\Documents\DSA\DSA-2\ClassTreeNode\TreeNodeFunctions.cpp(401,5):
          'void inorder_apply(TreeNode<T> *,std::function<void(T &)>)': не удалось вывести аргумент шаблон для 'std::function<void(T &)>' из 'test_inorder_apply::<lambda_2>'
  
C:\Users\huuma\Documents\DSA\DSA-2\ClassTreeNode\TreeNodeFunctions.cpp(410,5): error C2672: "inorder_apply": не найдена соответствующая перегруженная функция
      C:\Users\huuma\Documents\DSA\DSA-2\ClassTreeNode\TreeNodeFunctions.h(81,6):
      может быть "void inorder_apply(TreeNode<T> *,std::function<void(T &)>)"
          C:\Users\huuma\Documents\DSA\DSA-2\ClassTreeNode\TreeNodeFunctions.cpp(410,5):
          'void inorder_apply(TreeNode<T> *,std::function<void(T &)>)': не удалось вывести аргумент шаблон для 'std::function<void(T &)>' из 'test_inorder_apply::<lambda_3>'
  
C:\Users\huuma\Documents\DSA\DSA-2\ClassTreeNode\TreeNodeFunctions.cpp(419,5): error C2672: "inorder_apply": не найдена соответствующая перегруженная функция
      C:\Users\huuma\Documents\DSA\DSA-2\ClassTreeNode\TreeNodeFunctions.h(81,6):
      может быть "void inorder_apply(TreeNode<T> *,std::function<void(T &)>)"
          C:\Users\huuma\Documents\DSA\DSA-2\ClassTreeNode\TreeNodeFunctions.cpp(419,5):
          'void inorder_apply(TreeNode<T> *,std::function<void(T &)>)': не удалось вывести аргумент шаблон для 'std::function<void(T &)>' из 'test_inorder_apply::<lambda_4>'
  
C:\Users\huuma\Documents\DSA\DSA-2\ClassTreeNode\TreeNodeFunctions.cpp(432,5): error C2672: "inorder_apply": не найдена соответствующая перегруженная функция
      C:\Users\huuma\Documents\DSA\DSA-2\ClassTreeNode\TreeNodeFunctions.h(81,6):
      может быть "void inorder_apply(TreeNode<T> *,std::function<void(T &)>)"
          C:\Users\huuma\Documents\DSA\DSA-2\ClassTreeNode\TreeNodeFunctions.cpp(432,5):
          'void inorder_apply(TreeNode<T> *,std::function<void(T &)>)': не удалось вывести аргумент шаблон для 'std::function<void(T &)>' из 'test_inorder_apply::<lambda_5>'
  
C:\Users\huuma\Documents\DSA\DSA-2\ClassTreeNode\TreeNodeFunctions.cpp(436,13): warning C4566: символ, представленный универсальным именем символа "\u2705", невозможно представить в текущей кодовой странице (1251)
C:\Users\huuma\Documents\DSA\DSA-2\ClassTreeNode\TreeNodeFunctions.cpp(449,5): error C2672: "postorder_apply": не найдена соответствующая перегруженная функция
      C:\Users\huuma\Documents\DSA\DSA-2\ClassTreeNode\TreeNodeFunctions.h(117,6):
      может быть "void postorder_apply(TreeNode<T> *,std::function<void(T &)>)"
          C:\Users\huuma\Documents\DSA\DSA-2\ClassTreeNode\TreeNodeFunctions.cpp(449,5):
          'void postorder_apply(TreeNode<T> *,std::function<void(T &)>)': не удалось вывести аргумент шаблон для 'std::function<void(T &)>' из 'test_postorder_apply::<lambda_2>'
  
C:\Users\huuma\Documents\DSA\DSA-2\ClassTreeNode\TreeNodeFunctions.cpp(458,5): error C2672: "postorder_apply": не найдена соответствующая перегруженная функция
      C:\Users\huuma\Documents\DSA\DSA-2\ClassTreeNode\TreeNodeFunctions.h(117,6):
      может быть "void postorder_apply(TreeNode<T> *,std::function<void(T &)>)"
          C:\Users\huuma\Documents\DSA\DSA-2\ClassTreeNode\TreeNodeFunctions.cpp(458,5):
          'void postorder_apply(TreeNode<T> *,std::function<void(T &)>)': не удалось вывести аргумент шаблон для 'std::function<void(T &)>' из 'test_postorder_apply::<lambda_3>'
  
C:\Users\huuma\Documents\DSA\DSA-2\ClassTreeNode\TreeNodeFunctions.cpp(467,5): error C2672: "postorder_apply": не найдена соответствующая перегруженная функция
      C:\Users\huuma\Documents\DSA\DSA-2\ClassTreeNode\TreeNodeFunctions.h(117,6):
      может быть "void postorder_apply(TreeNode<T> *,std::function<void(T &)>)"
          C:\Users\huuma\Documents\DSA\DSA-2\ClassTreeNode\TreeNodeFunctions.cpp(467,5):
          'void postorder_apply(TreeNode<T> *,std::function<void(T &)>)': не удалось вывести аргумент шаблон для 'std::function<void(T &)>' из 'test_postorder_apply::<lambda_4>'
  
C:\Users\huuma\Documents\DSA\DSA-2\ClassTreeNode\TreeNodeFunctions.cpp(480,5): error C2672: "postorder_apply": не найдена соответствующая перегруженная функция
      C:\Users\huuma\Documents\DSA\DSA-2\ClassTreeNode\TreeNodeFunctions.h(117,6):
      может быть "void postorder_apply(TreeNode<T> *,std::function<void(T &)>)"
          C:\Users\huuma\Documents\DSA\DSA-2\ClassTreeNode\TreeNodeFunctions.cpp(480,5):
          'void postorder_apply(TreeNode<T> *,std::function<void(T &)>)': не удалось вывести аргумент шаблон для 'std::function<void(T &)>' из 'test_postorder_apply::<lambda_5>'
  
C:\Users\huuma\Documents\DSA\DSA-2\ClassTreeNode\TreeNodeFunctions.cpp(484,13): warning C4566: символ, представленный универсальным именем символа "\u2705", невозможно представить в текущей кодовой странице (1251)
